<?xml version="1.0" encoding="utf-8"?><testsuites><testsuite name="pytest" errors="0" failures="0" skipped="0" tests="37" time="6.904" timestamp="2024-03-18T18:02:16.889317" hostname="DEVOPS-ENGINEER-2025.IdeaPad-5-Pro-16IHU6"><testcase classname="tests.test_APIServer" name="test_upload_text" time="0.005" /><testcase classname="tests.test_APIServer" name="test_search_lexical" time="0.001" /><testcase classname="tests.test_APIServer" name="test_search_keyword" time="0.001" /><testcase classname="tests.test_APIServer" name="test_search_semantic" time="0.001" /><testcase classname="tests.test_APIServer" name="test_del_document" time="0.001" /><testcase classname="tests.test_AhoCorasick" name="test__init__" time="0.001" /><testcase classname="tests.test_AhoCorasick" name="test_search" time="0.000" /><testcase classname="tests.test_Document" name="test__init__" time="0.364" /><testcase classname="tests.test_Document" name="test_gen_words" time="0.263" /><testcase classname="tests.test_Document" name="test_gen_sents" time="0.267" /><testcase classname="tests.test_Document" name="test_gen_pos" time="0.269" /><testcase classname="tests.test_KeywordSearch" name="test_search_target_only" time="0.001" /><testcase classname="tests.test_KeywordSearch" name="test_search_target_only_no_result" time="0.001" /><testcase classname="tests.test_KeywordSearch" name="test_search_with_pos" time="0.001" /><testcase classname="tests.test_KeywordSearch" name="test_search_pos_only" time="0.001" /><testcase classname="tests.test_KeywordSearch" name="test_gen_synonyms" time="0.830" /><testcase classname="tests.test_KnuthMorrisPratt" name="test_compute_prefix_function" time="0.001" /><testcase classname="tests.test_KnuthMorrisPratt" name="test_search" time="0.000" /><testcase classname="tests.test_LexicalSearch" name="test_kmp_search_e" time="0.001" /><testcase classname="tests.test_LexicalSearch" name="test_kmp_search_w" time="0.001" /><testcase classname="tests.test_LexicalSearch" name="test_kmp_search_s" time="0.001" /><testcase classname="tests.test_LexicalSearch" name="test_preprocess_ac_exact" time="0.001" /><testcase classname="tests.test_LexicalSearch" name="test_ac_search_e" time="0.001" /><testcase classname="tests.test_LexicalSearch" name="test_ac_search_w" time="0.001" /><testcase classname="tests.test_LexicalSearch" name="test_ac_search_s" time="0.002" /><testcase classname="tests.test_ResultQueue" name="test_output_result" time="0.001" /><testcase classname="tests.test_ResultQueue" name="test_end_of_init" time="0.001" /><testcase classname="tests.test_ResultQueue" name="test_end_of_searchs" time="0.001" /><testcase classname="tests.test_ResultQueue" name="test_is_halt_signal" time="0.001" /><testcase classname="tests.test_SearchManager" name="test__init__" time="0.003" /><testcase classname="tests.test_SearchManager" name="test_add_document" time="0.003" /><testcase classname="tests.test_SearchManager" name="test_del_document" time="0.003" /><testcase classname="tests.test_SearchManager" name="test_lexical_search" time="0.003" /><testcase classname="tests.test_SearchManager" name="test_keyword_search" time="0.004" /><testcase classname="tests.test_SearchManager" name="test_semantic_search" time="0.003" /><testcase classname="tests.test_SemanticSearch" name="test_query_textual_similarity" time="0.647" /><testcase classname="tests.test_SemanticSearch" name="test_search" time="0.215" /></testsuite></testsuites>